2025-05-22 12:37:38,502 - INFO - FastAPI inicializado
2025-05-22 12:37:38,598 - INFO - Firestore inicializado correctamente
2025-05-22 12:37:38,709 - INFO - Modelo YOLOv11 cargado correctamente
2025-05-22 12:37:40,456 - INFO - MobileNetV2 Embedder for Deep Sort initialised
2025-05-22 12:37:40,456 - INFO - - gpu enabled: False
2025-05-22 12:37:40,456 - INFO - - half precision: False
2025-05-22 12:37:40,457 - INFO - - max batch size: 16
2025-05-22 12:37:40,457 - INFO - - expects BGR: True
2025-05-22 12:37:40,518 - INFO - DeepSort Tracker initialised
2025-05-22 12:37:40,519 - INFO - - max age: 30
2025-05-22 12:37:40,529 - INFO - - appearance threshold: 0.2
2025-05-22 12:37:40,530 - INFO - - nms threshold: OFF
2025-05-22 12:37:40,530 - INFO - - max num of appearance features: None
2025-05-22 12:37:40,530 - INFO - - overriding track class : No
2025-05-22 12:37:40,530 - INFO - - today given : No
2025-05-22 12:37:40,530 - INFO - - in-build embedder : Yes
2025-05-22 12:37:40,530 - INFO - - polygon detections : No
2025-05-22 12:37:40,531 - INFO - DeepSort inicializado correctamente
2025-05-22 12:37:41,830 - INFO - Modelo TimeSformer cargado correctamente
2025-05-22 12:37:41,830 - INFO - Usando dispositivo: cpu
