2025-05-05 11:08:02,863 - INFO - Flask y SocketIO inicializados
2025-05-05 11:08:02,923 - INFO - Firestore inicializado correctamente
2025-05-05 11:08:02,987 - INFO - Modelo YOLOv8 cargado correctamente
2025-05-05 11:08:04,771 - INFO - MobileNetV2 Embedder for Deep Sort initialised
2025-05-05 11:08:04,771 - INFO - - gpu enabled: False
2025-05-05 11:08:04,771 - INFO - - half precision: False
2025-05-05 11:08:04,771 - INFO - - max batch size: 16
2025-05-05 11:08:04,771 - INFO - - expects BGR: True
2025-05-05 11:08:04,884 - INFO - DeepSort Tracker initialised
2025-05-05 11:08:04,884 - INFO - - max age: 30
2025-05-05 11:08:04,885 - INFO - - appearance threshold: 0.2
2025-05-05 11:08:04,885 - INFO - - nms threshold: OFF
2025-05-05 11:08:04,885 - INFO - - max num of appearance features: None
2025-05-05 11:08:04,885 - INFO - - overriding track class : No
2025-05-05 11:08:04,885 - INFO - - today given : No
2025-05-05 11:08:04,885 - INFO - - in-build embedder : Yes
2025-05-05 11:08:04,885 - INFO - - polygon detections : No
2025-05-05 11:08:04,886 - INFO - DeepSort inicializado correctamente
2025-05-05 11:08:06,214 - INFO - Modelo TimeSformer cargado correctamente
2025-05-05 11:08:06,215 - INFO - Usando dispositivo: cpu
2025-05-05 11:08:06,216 - INFO - Iniciando servidor Flask en puerto 5000
2025-05-05 11:08:06,253 - INFO - [31m[1mWARNING: This is a development server. Do not use it in a production deployment. Use a production WSGI server instead.[0m
 * Running on all addresses (0.0.0.0)
 * Running on http://127.0.0.1:5000
 * Running on http://192.168.0.105:5000
2025-05-05 11:08:06,254 - INFO - [33mPress CTRL+C to quit[0m
2025-05-05 11:08:56,447 - INFO - 192.168.0.105 - - [05/May/2025 11:08:56] "GET /socket.io/?EIO=4&transport=polling&t=7udtw10y HTTP/1.1" 200 -
2025-05-05 11:08:57,424 - INFO - Cliente conectado
2025-05-05 11:08:57,429 - INFO - 192.168.0.105 - - [05/May/2025 11:08:57] "POST /socket.io/?EIO=4&transport=polling&t=7ueo9g6t&sid=FfBPJxGoH15fLLrkAAAA HTTP/1.1" 200 -
2025-05-05 11:08:57,431 - INFO - 192.168.0.105 - - [05/May/2025 11:08:57] "GET /socket.io/?EIO=4&transport=polling&t=7ueoa7s8&sid=FfBPJxGoH15fLLrkAAAA HTTP/1.1" 200 -
2025-05-05 11:08:57,624 - INFO - 192.168.0.105 - - [05/May/2025 11:08:57] "GET /socket.io/?EIO=4&transport=polling&t=7uetuk78&sid=FfBPJxGoH15fLLrkAAAA HTTP/1.1" 200 -
2025-05-05 11:08:57,999 - INFO - FPS real de la cámara: 25.0
2025-05-05 11:08:58,000 - INFO - Parámetros ajustados - FPS: 25.0, CLIP_FRAMES: 250, STRIDE_FRAMES: 50
2025-05-05 11:09:23,995 - INFO - Detección iniciada
2025-05-05 11:09:40,641 - INFO - Detección detenida
2025-05-05 11:09:45,504 - INFO - Detección iniciada
2025-05-05 11:10:01,759 - INFO - Detección detenida
2025-05-05 11:10:23,452 - WARNING - No se pudo capturar el frame
2025-05-05 11:10:23,465 - INFO - Cámara liberada
