2025-05-22 09:52:41,779 - INFO - FastAPI inicializado
2025-05-22 09:52:41,905 - INFO - Firestore inicializado correctamente
2025-05-22 09:52:42,022 - INFO - Modelo YOLOv11 cargado correctamente
2025-05-22 09:52:43,799 - INFO - MobileNetV2 Embedder for Deep Sort initialised
2025-05-22 09:52:43,799 - INFO - - gpu enabled: False
2025-05-22 09:52:43,799 - INFO - - half precision: False
2025-05-22 09:52:43,799 - INFO - - max batch size: 16
2025-05-22 09:52:43,799 - INFO - - expects BGR: True
2025-05-22 09:52:43,856 - INFO - DeepSort Tracker initialised
2025-05-22 09:52:43,856 - INFO - - max age: 30
2025-05-22 09:52:43,857 - INFO - - appearance threshold: 0.2
2025-05-22 09:52:43,857 - INFO - - nms threshold: OFF
2025-05-22 09:52:43,857 - INFO - - max num of appearance features: None
2025-05-22 09:52:43,858 - INFO - - overriding track class : No
2025-05-22 09:52:43,858 - INFO - - today given : No
2025-05-22 09:52:43,858 - INFO - - in-build embedder : Yes
2025-05-22 09:52:43,858 - INFO - - polygon detections : No
2025-05-22 09:52:43,858 - INFO - DeepSort inicializado correctamente
2025-05-22 09:52:45,011 - INFO - Modelo TimeSformer cargado correctamente
2025-05-22 09:52:45,012 - INFO - Usando dispositivo: cpu
