2025-05-11 03:35:27,296 - INFO - Flask y SocketIO inicializados
2025-05-11 03:35:27,458 - INFO - Firestore inicializado correctamente
2025-05-11 03:35:27,594 - INFO - Modelo YOLOv8 cargado correctamente
2025-05-11 03:35:31,327 - INFO - MobileNetV2 Embedder for Deep Sort initialised
2025-05-11 03:35:31,327 - INFO - - gpu enabled: False
2025-05-11 03:35:31,328 - INFO - - half precision: False
2025-05-11 03:35:31,328 - INFO - - max batch size: 16
2025-05-11 03:35:31,329 - INFO - - expects BGR: True
2025-05-11 03:35:31,434 - INFO - DeepSort Tracker initialised
2025-05-11 03:35:31,445 - INFO - - max age: 30
2025-05-11 03:35:31,445 - INFO - - appearance threshold: 0.2
2025-05-11 03:35:31,446 - INFO - - nms threshold: OFF
2025-05-11 03:35:31,446 - INFO - - max num of appearance features: None
2025-05-11 03:35:31,447 - INFO - - overriding track class : No
2025-05-11 03:35:31,447 - INFO - - today given : No
2025-05-11 03:35:31,448 - INFO - - in-build embedder : Yes
2025-05-11 03:35:31,448 - INFO - - polygon detections : No
2025-05-11 03:35:31,449 - INFO - DeepSort inicializado correctamente
2025-05-11 03:35:34,352 - INFO - Modelo TimeSformer cargado correctamente
2025-05-11 03:35:34,353 - INFO - Usando dispositivo: cpu
2025-05-11 03:35:34,355 - INFO - Iniciando servidor Flask en puerto 5000
2025-05-11 03:35:34,400 - INFO - [31m[1mWARNING: This is a development server. Do not use it in a production deployment. Use a production WSGI server instead.[0m
 * Running on all addresses (0.0.0.0)
 * Running on http://127.0.0.1:5000
 * Running on http://192.168.1.6:5000
2025-05-11 03:35:34,401 - INFO - [33mPress CTRL+C to quit[0m
