2025-05-11 04:39:06,451 - INFO - Flask y SocketIO inicializados
2025-05-11 04:39:06,493 - INFO - Firestore inicializado correctamente
2025-05-11 04:39:06,543 - INFO - Modelo YOLOv8 cargado correctamente
2025-05-11 04:39:07,997 - INFO - MobileNetV2 Embedder for Deep Sort initialised
2025-05-11 04:39:07,997 - INFO - - gpu enabled: True
2025-05-11 04:39:07,997 - INFO - - half precision: True
2025-05-11 04:39:07,997 - INFO - - max batch size: 16
2025-05-11 04:39:07,997 - INFO - - expects BGR: True
2025-05-11 04:39:08,453 - INFO - DeepSort Tracker initialised
2025-05-11 04:39:08,453 - INFO - - max age: 30
2025-05-11 04:39:08,453 - INFO - - appearance threshold: 0.2
2025-05-11 04:39:08,453 - INFO - - nms threshold: OFF
2025-05-11 04:39:08,453 - INFO - - max num of appearance features: None
2025-05-11 04:39:08,453 - INFO - - overriding track class : No
2025-05-11 04:39:08,453 - INFO - - today given : No
2025-05-11 04:39:08,453 - INFO - - in-build embedder : Yes
2025-05-11 04:39:08,454 - INFO - - polygon detections : No
2025-05-11 04:39:08,454 - INFO - DeepSort inicializado correctamente
2025-05-11 04:39:10,158 - INFO - Modelo TimeSformer cargado correctamente
2025-05-11 04:39:10,158 - INFO - Usando dispositivo: cuda
2025-05-11 04:39:10,159 - INFO - Iniciando servidor Flask en puerto 5000
2025-05-11 04:39:10,160 - INFO - [31m[1mWARNING: This is a development server. Do not use it in a production deployment. Use a production WSGI server instead.[0m
 * Running on all addresses (0.0.0.0)
 * Running on http://127.0.0.1:5000
 * Running on http://10.128.1.2:5000
2025-05-11 04:39:10,160 - INFO - [33mPress CTRL+C to quit[0m
