2025-05-22 12:24:47,926 - INFO - FastAPI inicializado
2025-05-22 12:24:47,993 - INFO - Firestore inicializado correctamente
2025-05-22 12:24:48,083 - INFO - Modelo YOLOv11 cargado correctamente
2025-05-22 12:24:49,819 - INFO - MobileNetV2 Embedder for Deep Sort initialised
2025-05-22 12:24:49,820 - INFO - - gpu enabled: False
2025-05-22 12:24:49,821 - INFO - - half precision: False
2025-05-22 12:24:49,821 - INFO - - max batch size: 16
2025-05-22 12:24:49,821 - INFO - - expects BGR: True
2025-05-22 12:24:49,894 - INFO - DeepSort Tracker initialised
2025-05-22 12:24:49,896 - INFO - - max age: 30
2025-05-22 12:24:49,907 - INFO - - appearance threshold: 0.2
2025-05-22 12:24:49,907 - INFO - - nms threshold: OFF
2025-05-22 12:24:49,907 - INFO - - max num of appearance features: None
2025-05-22 12:24:49,907 - INFO - - overriding track class : No
2025-05-22 12:24:49,907 - INFO - - today given : No
2025-05-22 12:24:49,907 - INFO - - in-build embedder : Yes
2025-05-22 12:24:49,908 - INFO - - polygon detections : No
2025-05-22 12:24:49,908 - INFO - DeepSort inicializado correctamente
2025-05-22 12:24:51,153 - INFO - Modelo TimeSformer cargado correctamente
2025-05-22 12:24:51,153 - INFO - Usando dispositivo: cpu
