2025-05-22 09:49:43,878 - INFO - FastAPI inicializado
2025-05-22 09:49:43,931 - INFO - Firestore inicializado correctamente
2025-05-22 09:49:44,010 - INFO - Modelo YOLOv11 cargado correctamente
2025-05-22 09:49:47,141 - INFO - MobileNetV2 Embedder for Deep Sort initialised
2025-05-22 09:49:47,142 - INFO - - gpu enabled: False
2025-05-22 09:49:47,142 - INFO - - half precision: False
2025-05-22 09:49:47,142 - INFO - - max batch size: 16
2025-05-22 09:49:47,143 - INFO - - expects BGR: True
2025-05-22 09:49:47,310 - INFO - DeepSort Tracker initialised
2025-05-22 09:49:47,311 - INFO - - max age: 30
2025-05-22 09:49:47,311 - INFO - - appearance threshold: 0.2
2025-05-22 09:49:47,311 - INFO - - nms threshold: OFF
2025-05-22 09:49:47,312 - INFO - - max num of appearance features: None
2025-05-22 09:49:47,312 - INFO - - overriding track class : No
2025-05-22 09:49:47,312 - INFO - - today given : No
2025-05-22 09:49:47,312 - INFO - - in-build embedder : Yes
2025-05-22 09:49:47,312 - INFO - - polygon detections : No
2025-05-22 09:49:47,313 - INFO - DeepSort inicializado correctamente
2025-05-22 09:49:49,461 - INFO - Modelo TimeSformer cargado correctamente
2025-05-22 09:49:49,462 - INFO - Usando dispositivo: cpu
